#
# A fatal error has been detected by the Java Runtime Environment:
#
#  EXCEPTION_ACCESS_VIOLATION (0xc0000005) at pc=0x00007ffca99d6a87, pid=28304, tid=27704
#
# JRE version: OpenJDK Runtime Environment Temurin-17.0.6+10 (17.0.6+10) (build 17.0.6+10)
# Java VM: OpenJDK 64-Bit Server VM Temurin-17.0.6+10 (17.0.6+10, mixed mode, sharing, tiered, compressed oops, compressed class ptrs, g1 gc, windows-amd64)
# Problematic frame:
# C  [glass.dll+0x26a87]
#
# No core dump will be written. Minidumps are not enabled by default on client versions of Windows
#
# If you would like to submit a bug report, please visit:
#   https://github.com/adoptium/adoptium-support/issues
#

---------------  S U M M A R Y ------------

Command Line: -javaagent:D:\IntellijIDEA\IntelliJ IDEA 2023.1\lib\idea_rt.jar=58697:D:\IntellijIDEA\IntelliJ IDEA 2023.1\bin -Dfile.encoding=UTF-8 --module-path=C:\Users\Lenovo\.m2\repository\org\openjfx\javafx-graphics\17.0.1\javafx-graphics-17.0.1-win.jar;C:\Users\Lenovo\.m2\repository\org\openjfx\javafx-controls\17.0.1\javafx-controls-17.0.1-win.jar;C:\Users\Lenovo\.m2\repository\org\openjfx\javafx-base\17.0.1\javafx-base-17.0.1-win.jar;D:\IntellijIDEA\JP_Java\Lab4\target\classes;C:\Users\Lenovo\.m2\repository\org\openjfx\javafx-fxml\17.0.1\javafx-fxml-17.0.1-win.jar -Djdk.module.main=Lab4 Lab4/com.pwr.Main

Host: AMD Ryzen 7 4800H with Radeon Graphics         , 16 cores, 15G,  Windows 10 , 64 bit Build 19041 (10.0.19041.2364)
Time: Thu Dec  7 20:49:13 2023  Windows 10 , 64 bit Build 19041 (10.0.19041.2364) elapsed time: 64.849424 seconds (0d 0h 1m 4s)

---------------  T H R E A D  ---------------

Current thread (0x000002d5fa5c05c0):  VMThread "VM Thread" [stack: 0x000000d5ef200000,0x000000d5ef300000] [id=27704]

Stack: [0x000000d5ef200000,0x000000d5ef300000],  sp=0x000000d5ef2ff260,  free space=1020k
Native frames: (J=compiled Java code, j=interpreted, Vv=VM code, C=native code)
C  [glass.dll+0x26a87]


siginfo: EXCEPTION_ACCESS_VIOLATION (0xc0000005), reading address 0x0000000000000000


Register to memory mapping:

RIP=0x00007ffca99d6a87 glass.dll
RAX=0x0 is NULL
RBX=0x000002d5fa5d8530 is a global jni handle
RCX=0x000002d5fa5c05c0 points into unknown readable memory: 0x00007ffc83a5b8a0 | a0 b8 a5 83 fc 7f 00 00
RDX=0x000000d5ef2ff260 points into unknown readable memory: 0x0000000000000000 | 00 00 00 00 00 00 00 00
RSP=0x000000d5ef2ff260 points into unknown readable memory: 0x0000000000000000 | 00 00 00 00 00 00 00 00
RBP=0x000002d5fb6e4088 points into unknown readable memory: 0x000040282ab9f22e | 2e f2 b9 2a 28 40 00 00
RSI=0x000002d5fb6e4060 points into unknown readable memory: 0x4f9b40283546d849 | 49 d8 46 35 28 40 9b 4f
RDI=0x000040282ab9f22e is an unknown value
R8 =0x0000000000010002 is an unknown value
R9 =0x000040282ab9f22e is an unknown value
R10=0x0000000000008000 is an unknown value
R11=0x000000d5ef2ff1f0 points into unknown readable memory: 0x000002d5fb6e4060 | 60 40 6e fb d5 02 00 00
R12=0x00007ffca99d4354 glass.dll
R13=0x00007ffc83c144e0 jvm.dll
R14=0x000000d5ef2ff358 points into unknown readable memory: 0x000000d5ef2ff340 | 40 f3 2f ef d5 00 00 00
R15=0x000002d5fb6e4060 points into unknown readable memory: 0x4f9b40283546d849 | 49 d8 46 35 28 40 9b 4f


Registers:
RAX=0x0000000000000000, RBX=0x000002d5fa5d8530, RCX=0x000002d5fa5c05c0, RDX=0x000000d5ef2ff260
RSP=0x000000d5ef2ff260, RBP=0x000002d5fb6e4088, RSI=0x000002d5fb6e4060, RDI=0x000040282ab9f22e
R8 =0x0000000000010002, R9 =0x000040282ab9f22e, R10=0x0000000000008000, R11=0x000000d5ef2ff1f0
R12=0x00007ffca99d4354, R13=0x00007ffc83c144e0, R14=0x000000d5ef2ff358, R15=0x000002d5fb6e4060
RIP=0x00007ffca99d6a87, EFLAGS=0x0000000000010202

Top of Stack: (sp=0x000000d5ef2ff260)
0x000000d5ef2ff260:   0000000000000000 000002d5fb6e4060
0x000000d5ef2ff270:   00007ffc83c144e0 00007ffca99d4354
0x000000d5ef2ff280:   000002d5fb6e4068 00007ffcb93a42d6
0x000000d5ef2ff290:   000040282ab9f22e 000002d500000000
0x000000d5ef2ff2a0:   000002d5fb6e4088 000002d5fb6e4060
0x000000d5ef2ff2b0:   fffffffffffffffe 0000000000000000
0x000000d5ef2ff2c0:   0000000000000001 00007ffca99b0000
0x000000d5ef2ff2d0:   000000d5ef2ff348 00007ffcb93a41fb
0x000000d5ef2ff2e0:   0000000000000000 000000d5ef2ff358
0x000000d5ef2ff2f0:   000000d5ef2ff620 00007ffcb9480e40
0x000000d5ef2ff300:   0000000000000001 00007ffcb93a41b4
0x000000d5ef2ff310:   0000000000000000 0000000000000001
0x000000d5ef2ff320:   0000000000000000 000000d5ef2ff348
0x000000d5ef2ff330:   0000000000000001 00007ffca99d41e1
0x000000d5ef2ff340:   00007ffca99ea138 00007ffc00000002
0x000000d5ef2ff350:   0000000000000002 000000d5ef2ff340 

Instructions: (pc=0x00007ffca99d6a87)
0x00007ffca99d6987:   8b 4d 58 e8 01 cf ff ff 48 8b 4d 60 e8 f8 ce ff
0x00007ffca99d6997:   ff 48 8b 95 80 00 00 00 48 8b 8d 18 01 00 00 e8
0x00007ffca99d69a7:   c6 c3 ff ff 33 d2 33 c9 e8 3c e1 ff ff 90 48 89
0x00007ffca99d69b7:   54 24 10 55 48 83 ec 20 48 8b ea 48 b8 00 00 00
0x00007ffca99d69c7:   00 00 00 00 00 48 83 c4 20 5d c3 cc 40 55 48 8b
0x00007ffca99d69d7:   ea 48 8b 01 33 c9 81 38 05 00 00 c0 0f 94 c1 8b
0x00007ffca99d69e7:   c1 5d c3 cc 40 55 48 83 ec 20 48 8b ea 8a 4d 40
0x00007ffca99d69f7:   48 83 c4 20 5d e9 f7 d2 ff ff cc 40 55 48 83 ec
0x00007ffca99d6a07:   20 48 8b ea 8a 4d 20 e8 e5 d2 ff ff 90 48 83 c4
0x00007ffca99d6a17:   20 5d c3 cc 40 55 48 83 ec 20 48 8b ea 48 83 c4
0x00007ffca99d6a27:   20 5d e9 46 d1 ff ff cc 40 55 48 83 ec 30 48 8b
0x00007ffca99d6a37:   ea 48 8b 01 8b 10 48 89 4c 24 28 89 54 24 20 4c
0x00007ffca99d6a47:   8d 0d e7 d5 ff ff 4c 8b 45 70 8b 55 68 48 8b 4d
0x00007ffca99d6a57:   60 e8 87 d0 ff ff 90 48 83 c4 30 5d c3 cc cc cc
0x00007ffca99d6a67:   cc cc cc cc cc cc cc cc cc 40 53 48 83 ec 20 48
0x00007ffca99d6a77:   8b 1d b3 30 01 00 48 85 db 74 16 e8 09 8b ff ff
0x00007ffca99d6a87:   4c 8b 00 48 8b d3 48 8b c8 41 ff 90 b0 00 00 00
0x00007ffca99d6a97:   90 48 83 c4 20 5b c3 cc cc 40 53 48 83 ec 20 48
0x00007ffca99d6aa7:   8b 1d 2b 32 01 00 48 85 db 74 57 b8 ff ff ff ff
0x00007ffca99d6ab7:   f0 0f c1 43 10 83 f8 01 75 3d 48 85 db 74 38 48
0x00007ffca99d6ac7:   8b 0b 48 85 c9 74 0d ff 15 d4 07 00 00 48 c7 03
0x00007ffca99d6ad7:   00 00 00 00 48 8b 4b 08 48 85 c9 74 0d e8 a7 cd
0x00007ffca99d6ae7:   ff ff 48 c7 43 08 00 00 00 00 ba 18 00 00 00 48
0x00007ffca99d6af7:   8b cb e8 92 cd ff ff 48 c7 05 cf 31 01 00 00 00
0x00007ffca99d6b07:   00 00 48 83 c4 20 5b c3 cc 40 53 48 83 ec 20 48
0x00007ffca99d6b17:   8b 1d 9b 31 01 00 48 85 db 74 57 b8 ff ff ff ff
0x00007ffca99d6b27:   f0 0f c1 43 10 83 f8 01 75 3d 48 85 db 74 38 48
0x00007ffca99d6b37:   8b 0b 48 85 c9 74 0d ff 15 64 07 00 00 48 c7 03
0x00007ffca99d6b47:   00 00 00 00 48 8b 4b 08 48 85 c9 74 0d e8 37 cd
0x00007ffca99d6b57:   ff ff 48 c7 43 08 00 00 00 00 ba 18 00 00 00 48
0x00007ffca99d6b67:   8b cb e8 22 cd ff ff 48 c7 05 3f 31 01 00 00 00
0x00007ffca99d6b77:   00 00 48 83 c4 20 5b c3 cc 40 53 48 83 ec 20 48 


Stack slot to memory mapping:
stack at sp + 0 slots: 0x0 is NULL
stack at sp + 1 slots: 0x000002d5fb6e4060 points into unknown readable memory: 0x4f9b40283546d849 | 49 d8 46 35 28 40 9b 4f
stack at sp + 2 slots: 0x00007ffc83c144e0 jvm.dll
stack at sp + 3 slots: 0x00007ffca99d4354 glass.dll
stack at sp + 4 slots: 0x000002d5fb6e4068 points into unknown readable memory: 0x000040282ab9f22e | 2e f2 b9 2a 28 40 00 00
stack at sp + 5 slots: 0x00007ffcb93a42d6 ucrtbase.dll
stack at sp + 6 slots: 0x000040282ab9f22e is an unknown value
stack at sp + 7 slots: 0x000002d500000000 is an unknown value

VM_Operation (0x000000d5ee9ff3b0): Exit, mode: safepoint, requested by thread 0x000002d5fb0ee010


---------------  P R O C E S S  ---------------

Threads class SMR info:
_java_thread_list=0x000002d583a6bea0, length=21, elements={
0x000002d5d508d1f0, 0x000002d5fa5c70d0, 0x000002d5fa5c8bf0, 0x000002d5fb002090,
0x000002d5fb002950, 0x000002d5fb003210, 0x000002d5fb00caf0, 0x000002d5fb00def0,
0x000002d5fb01a380, 0x000002d5fb01bd60, 0x000002d5fb0eccd0, 0x000002d5fb0ed670,
0x000002d5fb0eb4c0, 0x000002d5fb0ec330, 0x000002d5fb0edb40, 0x000002d5fb0ed1a0,
0x000002d5fb0eaff0, 0x000002d5fb0ec800, 0x000002d5fb0ebe60, 0x000002d5fb0eb990,
0x000002d5fb0ee010
}

Java Threads: ( => current thread )
  0x000002d5d508d1f0 JavaThread "main" [_thread_blocked, id=18232, stack(0x000000d5eec00000,0x000000d5eed00000)]
  0x000002d5fa5c70d0 JavaThread "Reference Handler" daemon [_thread_blocked, id=16080, stack(0x000000d5ef300000,0x000000d5ef400000)]
  0x000002d5fa5c8bf0 JavaThread "Finalizer" daemon [_thread_blocked, id=17920, stack(0x000000d5ef400000,0x000000d5ef500000)]
  0x000002d5fb002090 JavaThread "Signal Dispatcher" daemon [_thread_blocked, id=15092, stack(0x000000d5ef500000,0x000000d5ef600000)]
  0x000002d5fb002950 JavaThread "Attach Listener" daemon [_thread_blocked, id=30108, stack(0x000000d5ef600000,0x000000d5ef700000)]
  0x000002d5fb003210 JavaThread "Service Thread" daemon [_thread_blocked, id=27804, stack(0x000000d5ef700000,0x000000d5ef800000)]
  0x000002d5fb00caf0 JavaThread "Monitor Deflation Thread" daemon [_thread_blocked, id=892, stack(0x000000d5ef800000,0x000000d5ef900000)]
  0x000002d5fb00def0 JavaThread "C2 CompilerThread0" daemon [_thread_blocked, id=20912, stack(0x000000d5ef900000,0x000000d5efa00000)]
  0x000002d5fb01a380 JavaThread "C1 CompilerThread0" daemon [_thread_blocked, id=26932, stack(0x000000d5efa00000,0x000000d5efb00000)]
  0x000002d5fb01bd60 JavaThread "Sweeper thread" daemon [_thread_blocked, id=7736, stack(0x000000d5efb00000,0x000000d5efc00000)]
  0x000002d5fb0eccd0 JavaThread "Common-Cleaner" daemon [_thread_blocked, id=1492, stack(0x000000d5efc00000,0x000000d5efd00000)]
  0x000002d5fb0ed670 JavaThread "Monitor Ctrl-Break" daemon [_thread_in_native, id=28092, stack(0x000000d5f0400000,0x000000d5f0500000)]
  0x000002d5fb0eb4c0 JavaThread "Notification Thread" daemon [_thread_blocked, id=24920, stack(0x000000d5f0500000,0x000000d5f0600000)]
  0x000002d5fb0ec330 JavaThread "QuantumRenderer-0" daemon [_thread_blocked, id=23260, stack(0x000000d5f0700000,0x000000d5f0800000)]
  0x000002d5fb0edb40 JavaThread "InvokeLaterDispatcher" daemon [_thread_blocked, id=22476, stack(0x000000d5f0b00000,0x000000d5f0c00000)]
  0x000002d5fb0ed1a0 JavaThread "JavaFX Application Thread" [_thread_in_native, id=8932, stack(0x000000d5f0c00000,0x000000d5f0d00000)]
  0x000002d5fb0eaff0 JavaThread "Thread-1" daemon [_thread_in_native, id=10900, stack(0x000000d5f0300000,0x000000d5f0400000)]
  0x000002d5fb0ec800 JavaThread "JavaFX-Launcher" [_thread_blocked, id=18212, stack(0x000000d5f1700000,0x000000d5f1800000)]
  0x000002d5fb0ebe60 JavaThread "Prism Font Disposer" daemon [_thread_blocked, id=23412, stack(0x000000d5f1d00000,0x000000d5f1e00000)]
  0x000002d5fb0eb990 JavaThread "Cleaner-0" daemon [_thread_blocked, id=4772, stack(0x000000d5f1f00000,0x000000d5f2000000)]
  0x000002d5fb0ee010 JavaThread "SIGINT handler" daemon [_thread_blocked, id=10560, stack(0x000000d5ee900000,0x000000d5eea00000)]

Other Threads:
=>0x000002d5fa5c05c0 VMThread "VM Thread" [stack: 0x000000d5ef200000,0x000000d5ef300000] [id=27704]
  0x000002d5d50f8000 GCTaskThread "GC Thread#0" [stack: 0x000000d5eed00000,0x000000d5eee00000] [id=11016]
  0x000002d5fc3ef7f0 GCTaskThread "GC Thread#1" [stack: 0x000000d5f1800000,0x000000d5f1900000] [id=26396]
  0x000002d5fc419800 GCTaskThread "GC Thread#2" [stack: 0x000000d5f1900000,0x000000d5f1a00000] [id=2252]
  0x000002d5fc41a2c0 GCTaskThread "GC Thread#3" [stack: 0x000000d5f1a00000,0x000000d5f1b00000] [id=19708]
  0x000002d5fc41a570 GCTaskThread "GC Thread#4" [stack: 0x000000d5f1b00000,0x000000d5f1c00000] [id=584]
  0x000002d5fc41ac30 GCTaskThread "GC Thread#5" [stack: 0x000000d5f1c00000,0x000000d5f1d00000] [id=8916]
  0x000002d5840405d0 GCTaskThread "GC Thread#6" [stack: 0x000000d5eff00000,0x000000d5f0000000] [id=3188]
  0x000002d5fcb592d0 GCTaskThread "GC Thread#7" [stack: 0x000000d5f2400000,0x000000d5f2500000] [id=20944]
  0x000002d5fcb59580 GCTaskThread "GC Thread#8" [stack: 0x000000d5f2500000,0x000000d5f2600000] [id=26480]
  0x000002d583fd13b0 GCTaskThread "GC Thread#9" [stack: 0x000000d5f2600000,0x000000d5f2700000] [id=21900]
  0x000002d583fd1660 GCTaskThread "GC Thread#10" [stack: 0x000000d5f2700000,0x000000d5f2800000] [id=8912]
  0x000002d583fd1910 GCTaskThread "GC Thread#11" [stack: 0x000000d5f2800000,0x000000d5f2900000] [id=13196]
  0x000002d583fd2e90 GCTaskThread "GC Thread#12" [stack: 0x000000d5f2900000,0x000000d5f2a00000] [id=15532]
  0x000002d5d5108540 ConcurrentGCThread "G1 Main Marker" terminated
  0x000002d5d5108f50 ConcurrentGCThread "G1 Conc#0" [stack: 0x000000d5eef00000,0x000000d5ef000000] [id=25280]
  0x000002d5d515e760 ConcurrentGCThread "G1 Refine#0" terminated
  0x000002d5fa47a280 ConcurrentGCThread "G1 Service" terminated

Threads with active compile tasks:
C1 CompilerThread0  
[error occurred during error reporting (printing all threads), id 0xc0000005, EXCEPTION_ACCESS_VIOLATION (0xc0000005) at pc=0x00007ffc83862f23]

VM state: at safepoint (shutting down)

VM Mutex/Monitor currently owned by a thread:  ([mutex/lock_event])
[0x000002d5d5088660] Threads_lock - owner thread: 0x000002d5fa5c05c0
[0x000002d5d5087c40] Heap_lock - owner thread: 0x000002d5fb0ee010

Heap address: 0x000000070a000000, size: 3936 MB, Compressed Oops mode: Zero based, Oop shift amount: 3

CDS archive(s) mapped at: [0x0000000800000000-0x0000000800bc0000-0x0000000800bc0000), size 12320768, SharedBaseAddress: 0x0000000800000000, ArchiveRelocationMode: 0.
Compressed class space mapped at: 0x0000000800c00000-0x0000000840c00000, reserved size: 1073741824
Narrow klass base: 0x0000000800000000, Narrow klass shift: 0, Narrow klass range: 0x100000000

GC Precious Log:
 CPUs: 16 total, 16 available
 Memory: 15741M
 Large Page Support: Disabled
 NUMA Support: Disabled
 Compressed Oops: Enabled (Zero based)
 Heap Region Size: 2M
 Heap Min Capacity: 8M
 Heap Initial Capacity: 246M
 Heap Max Capacity: 3936M
 Pre-touch: Disabled
 Parallel Workers: 13
 Concurrent Workers: 3
 Concurrent Refinement Workers: 13
 Periodic GC: Disabled

Heap:
 garbage-first heap   total 251904K, used 13683K [0x000000070a000000, 0x0000000800000000)
  region size 2048K, 6 young (12288K), 3 survivors (6144K)
 Metaspace       used 14424K, committed 14720K, reserved 1064960K
  class space    used 1903K, committed 2048K, reserved 1048576K

Heap Regions: E=young(eden), S=young(survivor), O=old, HS=humongous(starts), HC=humongous(continues), CS=collection set, F=free, OA=open archive, CA=closed archive, TAMS=top-at-mark-start (previous, next)
|   0|0x000000070a000000, 0x000000070a200000, 0x000000070a200000|100%|HS|  |TAMS 0x000000070a000000, 0x000000070a000000| Complete 
|   1|0x000000070a200000, 0x000000070a35ce00, 0x000000070a400000| 68%| O|  |TAMS 0x000000070a200000, 0x000000070a200000| Untracked 
|   2|0x000000070a400000, 0x000000070a400000, 0x000000070a600000|  0%| F|  |TAMS 0x000000070a400000, 0x000000070a400000| Untracked 
|   3|0x000000070a600000, 0x000000070a600000, 0x000000070a800000|  0%| F|  |TAMS 0x000000070a600000, 0x000000070a600000| Untracked 
|   4|0x000000070a800000, 0x000000070a800000, 0x000000070aa00000|  0%| F|  |TAMS 0x000000070a800000, 0x000000070a800000| Untracked 
|   5|0x000000070aa00000, 0x000000070aa00000, 0x000000070ac00000|  0%| F|  |TAMS 0x000000070aa00000, 0x000000070aa00000| Untracked 
|   6|0x000000070ac00000, 0x000000070ac00000, 0x000000070ae00000|  0%| F|  |TAMS 0x000000070ac00000, 0x000000070ac00000| Untracked 
|   7|0x000000070ae00000, 0x000000070ae00000, 0x000000070b000000|  0%| F|  |TAMS 0x000000070ae00000, 0x000000070ae00000| Untracked 
|   8|0x000000070b000000, 0x000000070b000000, 0x000000070b200000|  0%| F|  |TAMS 0x000000070b000000, 0x000000070b000000| Untracked 
|   9|0x000000070b200000, 0x000000070b200000, 0x000000070b400000|  0%| F|  |TAMS 0x000000070b200000, 0x000000070b200000| Untracked 
|  10|0x000000070b400000, 0x000000070b400000, 0x000000070b600000|  0%| F|  |TAMS 0x000000070b400000, 0x000000070b400000| Untracked 
|  11|0x000000070b600000, 0x000000070b600000, 0x000000070b800000|  0%| F|  |TAMS 0x000000070b600000, 0x000000070b600000| Untracked 
|  12|0x000000070b800000, 0x000000070b800000, 0x000000070ba00000|  0%| F|  |TAMS 0x000000070b800000, 0x000000070b800000| Untracked 
|  13|0x000000070ba00000, 0x000000070ba00000, 0x000000070bc00000|  0%| F|  |TAMS 0x000000070ba00000, 0x000000070ba00000| Untracked 
|  14|0x000000070bc00000, 0x000000070bc00000, 0x000000070be00000|  0%| F|  |TAMS 0x000000070bc00000, 0x000000070bc00000| Untracked 
|  15|0x000000070be00000, 0x000000070be00000, 0x000000070c000000|  0%| F|  |TAMS 0x000000070be00000, 0x000000070be00000| Untracked 
|  16|0x000000070c000000, 0x000000070c000000, 0x000000070c200000|  0%| F|  |TAMS 0x000000070c000000, 0x000000070c000000| Untracked 
|  17|0x000000070c200000, 0x000000070c200000, 0x000000070c400000|  0%| F|  |TAMS 0x000000070c200000, 0x000000070c200000| Untracked 
|  18|0x000000070c400000, 0x000000070c400000, 0x000000070c600000|  0%| F|  |TAMS 0x000000070c400000, 0x000000070c400000| Untracked 
|  19|0x000000070c600000, 0x000000070c600000, 0x000000070c800000|  0%| F|  |TAMS 0x000000070c600000, 0x000000070c600000| Untracked 
|  20|0x000000070c800000, 0x000000070c800000, 0x000000070ca00000|  0%| F|  |TAMS 0x000000070c800000, 0x000000070c800000| Untracked 
|  21|0x000000070ca00000, 0x000000070ca00000, 0x000000070cc00000|  0%| F|  |TAMS 0x000000070ca00000, 0x000000070ca00000| Untracked 
|  22|0x000000070cc00000, 0x000000070cc00000, 0x000000070ce00000|  0%| F|  |TAMS 0x000000070cc00000, 0x000000070cc00000| Untracked 
|  23|0x000000070ce00000, 0x000000070ce00000, 0x000000070d000000|  0%| F|  |TAMS 0x000000070ce00000, 0x000000070ce00000| Untracked 
|  24|0x000000070d000000, 0x000000070d000000, 0x000000070d200000|  0%| F|  |TAMS 0x000000070d000000, 0x000000070d000000| Untracked 
|  25|0x000000070d200000, 0x000000070d200000, 0x000000070d400000|  0%| F|  |TAMS 0x000000070d200000, 0x000000070d200000| Untracked 
|  26|0x000000070d400000, 0x000000070d400000, 0x000000070d600000|  0%| F|  |TAMS 0x000000070d400000, 0x000000070d400000| Untracked 
|  27|0x000000070d600000, 0x000000070d600000, 0x000000070d800000|  0%| F|  |TAMS 0x000000070d600000, 0x000000070d600000| Untracked 
|  28|0x000000070d800000, 0x000000070d800000, 0x000000070da00000|  0%| F|  |TAMS 0x000000070d800000, 0x000000070d800000| Untracked 
|  29|0x000000070da00000, 0x000000070da00000, 0x000000070dc00000|  0%| F|  |TAMS 0x000000070da00000, 0x000000070da00000| Untracked 
|  30|0x000000070dc00000, 0x000000070dc00000, 0x000000070de00000|  0%| F|  |TAMS 0x000000070dc00000, 0x000000070dc00000| Untracked 
|  31|0x000000070de00000, 0x000000070de00000, 0x000000070e000000|  0%| F|  |TAMS 0x000000070de00000, 0x000000070de00000| Untracked 
|  32|0x000000070e000000, 0x000000070e000000, 0x000000070e200000|  0%| F|  |TAMS 0x000000070e000000, 0x000000070e000000| Untracked 
|  33|0x000000070e200000, 0x000000070e200000, 0x000000070e400000|  0%| F|  |TAMS 0x000000070e200000, 0x000000070e200000| Untracked 
|  34|0x000000070e400000, 0x000000070e400000, 0x000000070e600000|  0%| F|  |TAMS 0x000000070e400000, 0x000000070e400000| Untracked 
|  35|0x000000070e600000, 0x000000070e600000, 0x000000070e800000|  0%| F|  |TAMS 0x000000070e600000, 0x000000070e600000| Untracked 
|  36|0x000000070e800000, 0x000000070e800000, 0x000000070ea00000|  0%| F|  |TAMS 0x000000070e800000, 0x000000070e800000| Untracked 
|  37|0x000000070ea00000, 0x000000070ea00000, 0x000000070ec00000|  0%| F|  |TAMS 0x000000070ea00000, 0x000000070ea00000| Untracked 
|  38|0x000000070ec00000, 0x000000070ec00000, 0x000000070ee00000|  0%| F|  |TAMS 0x000000070ec00000, 0x000000070ec00000| Untracked 
|  39|0x000000070ee00000, 0x000000070ee00000, 0x000000070f000000|  0%| F|  |TAMS 0x000000070ee00000, 0x000000070ee00000| Untracked 
|  40|0x000000070f000000, 0x000000070f000000, 0x000000070f200000|  0%| F|  |TAMS 0x000000070f000000, 0x000000070f000000| Untracked 
|  41|0x000000070f200000, 0x000000070f200000, 0x000000070f400000|  0%| F|  |TAMS 0x000000070f200000, 0x000000070f200000| Untracked 
|  42|0x000000070f400000, 0x000000070f400000, 0x000000070f600000|  0%| F|  |TAMS 0x000000070f400000, 0x000000070f400000| Untracked 
|  43|0x000000070f600000, 0x000000070f600000, 0x000000070f800000|  0%| F|  |TAMS 0x000000070f600000, 0x000000070f600000| Untracked 
|  44|0x000000070f800000, 0x000000070f800000, 0x000000070fa00000|  0%| F|  |TAMS 0x000000070f800000, 0x000000070f800000| Untracked 
|  45|0x000000070fa00000, 0x000000070fa00000, 0x000000070fc00000|  0%| F|  |TAMS 0x000000070fa00000, 0x000000070fa00000| Untracked 
|  46|0x000000070fc00000, 0x000000070fc00000, 0x000000070fe00000|  0%| F|  |TAMS 0x000000070fc00000, 0x000000070fc00000| Untracked 
|  47|0x000000070fe00000, 0x000000070fe00000, 0x0000000710000000|  0%| F|  |TAMS 0x000000070fe00000, 0x000000070fe00000| Untracked 
|  48|0x0000000710000000, 0x0000000710000000, 0x0000000710200000|  0%| F|  |TAMS 0x0000000710000000, 0x0000000710000000| Untracked 
|  49|0x0000000710200000, 0x0000000710200000, 0x0000000710400000|  0%| F|  |TAMS 0x0000000710200000, 0x0000000710200000| Untracked 
|  50|0x0000000710400000, 0x0000000710400000, 0x0000000710600000|  0%| F|  |TAMS 0x0000000710400000, 0x0000000710400000| Untracked 
|  51|0x0000000710600000, 0x0000000710600000, 0x0000000710800000|  0%| F|  |TAMS 0x0000000710600000, 0x0000000710600000| Untracked 
|  52|0x0000000710800000, 0x0000000710800000, 0x0000000710a00000|  0%| F|  |TAMS 0x0000000710800000, 0x0000000710800000| Untracked 
|  53|0x0000000710a00000, 0x0000000710a00000, 0x0000000710c00000|  0%| F|  |TAMS 0x0000000710a00000, 0x0000000710a00000| Untracked 
|  54|0x0000000710c00000, 0x0000000710c00000, 0x0000000710e00000|  0%| F|  |TAMS 0x0000000710c00000, 0x0000000710c00000| Untracked 
|  55|0x0000000710e00000, 0x0000000710e00000, 0x0000000711000000|  0%| F|  |TAMS 0x0000000710e00000, 0x0000000710e00000| Untracked 
|  56|0x0000000711000000, 0x0000000711000000, 0x0000000711200000|  0%| F|  |TAMS 0x0000000711000000, 0x0000000711000000| Untracked 
|  57|0x0000000711200000, 0x0000000711200000, 0x0000000711400000|  0%| F|  |TAMS 0x0000000711200000, 0x0000000711200000| Untracked 
|  58|0x0000000711400000, 0x0000000711400000, 0x0000000711600000|  0%| F|  |TAMS 0x0000000711400000, 0x0000000711400000| Untracked 
|  59|0x0000000711600000, 0x0000000711600000, 0x0000000711800000|  0%| F|  |TAMS 0x0000000711600000, 0x0000000711600000| Untracked 
|  60|0x0000000711800000, 0x0000000711800000, 0x0000000711a00000|  0%| F|  |TAMS 0x0000000711800000, 0x0000000711800000| Untracked 
|  61|0x0000000711a00000, 0x0000000711a00000, 0x0000000711c00000|  0%| F|  |TAMS 0x0000000711a00000, 0x0000000711a00000| Untracked 
|  62|0x0000000711c00000, 0x0000000711c00000, 0x0000000711e00000|  0%| F|  |TAMS 0x0000000711c00000, 0x0000000711c00000| Untracked 
|  63|0x0000000711e00000, 0x0000000711e00000, 0x0000000712000000|  0%| F|  |TAMS 0x0000000711e00000, 0x0000000711e00000| Untracked 
|  64|0x0000000712000000, 0x0000000712000000, 0x0000000712200000|  0%| F|  |TAMS 0x0000000712000000, 0x0000000712000000| Untracked 
|  65|0x0000000712200000, 0x0000000712200000, 0x0000000712400000|  0%| F|  |TAMS 0x0000000712200000, 0x0000000712200000| Untracked 
|  66|0x0000000712400000, 0x0000000712400000, 0x0000000712600000|  0%| F|  |TAMS 0x0000000712400000, 0x0000000712400000| Untracked 
|  67|0x0000000712600000, 0x0000000712600000, 0x0000000712800000|  0%| F|  |TAMS 0x0000000712600000, 0x0000000712600000| Untracked 
|  68|0x0000000712800000, 0x0000000712800000, 0x0000000712a00000|  0%| F|  |TAMS 0x0000000712800000, 0x0000000712800000| Untracked 
|  69|0x0000000712a00000, 0x0000000712a00000, 0x0000000712c00000|  0%| F|  |TAMS 0x0000000712a00000, 0x0000000712a00000| Untracked 
|  70|0x0000000712c00000, 0x0000000712c00000, 0x0000000712e00000|  0%| F|  |TAMS 0x0000000712c00000, 0x0000000712c00000| Untracked 
|  71|0x0000000712e00000, 0x0000000712e00000, 0x0000000713000000|  0%| F|  |TAMS 0x0000000712e00000, 0x0000000712e00000| Untracked 
|  72|0x0000000713000000, 0x0000000713000000, 0x0000000713200000|  0%| F|  |TAMS 0x0000000713000000, 0x0000000713000000| Untracked 
|  73|0x0000000713200000, 0x0000000713200000, 0x0000000713400000|  0%| F|  |TAMS 0x0000000713200000, 0x0000000713200000| Untracked 
|  74|0x0000000713400000, 0x0000000713400000, 0x0000000713600000|  0%| F|  |TAMS 0x0000000713400000, 0x0000000713400000| Untracked 
|  75|0x0000000713600000, 0x0000000713600000, 0x0000000713800000|  0%| F|  |TAMS 0x0000000713600000, 0x0000000713600000| Untracked 
|  76|0x0000000713800000, 0x0000000713800000, 0x0000000713a00000|  0%| F|  |TAMS 0x0000000713800000, 0x0000000713800000| Untracked 
|  77|0x0000000713a00000, 0x0000000713a00000, 0x0000000713c00000|  0%| F|  |TAMS 0x0000000713a00000, 0x0000000713a00000| Untracked 
|  78|0x0000000713c00000, 0x0000000713c00000, 0x0000000713e00000|  0%| F|  |TAMS 0x0000000713c00000, 0x0000000713c00000| Untracked 
|  79|0x0000000713e00000, 0x0000000713e00000, 0x0000000714000000|  0%| F|  |TAMS 0x0000000713e00000, 0x0000000713e00000| Untracked 
|  80|0x0000000714000000, 0x0000000714000000, 0x0000000714200000|  0%| F|  |TAMS 0x0000000714000000, 0x0000000714000000| Untracked 
|  81|0x0000000714200000, 0x0000000714200000, 0x0000000714400000|  0%| F|  |TAMS 0x0000000714200000, 0x0000000714200000| Untracked 
|  82|0x0000000714400000, 0x0000000714400000, 0x0000000714600000|  0%| F|  |TAMS 0x0000000714400000, 0x0000000714400000| Untracked 
|  83|0x0000000714600000, 0x0000000714600000, 0x0000000714800000|  0%| F|  |TAMS 0x0000000714600000, 0x0000000714600000| Untracked 
|  84|0x0000000714800000, 0x0000000714800000, 0x0000000714a00000|  0%| F|  |TAMS 0x0000000714800000, 0x0000000714800000| Untracked 
|  85|0x0000000714a00000, 0x0000000714a00000, 0x0000000714c00000|  0%| F|  |TAMS 0x0000000714a00000, 0x0000000714a00000| Untracked 
|  86|0x0000000714c00000, 0x0000000714c00000, 0x0000000714e00000|  0%| F|  |TAMS 0x0000000714c00000, 0x0000000714c00000| Untracked 
|  87|0x0000000714e00000, 0x0000000714e00000, 0x0000000715000000|  0%| F|  |TAMS 0x0000000714e00000, 0x0000000714e00000| Untracked 
|  88|0x0000000715000000, 0x0000000715000000, 0x0000000715200000|  0%| F|  |TAMS 0x0000000715000000, 0x0000000715000000| Untracked 
|  89|0x0000000715200000, 0x0000000715200000, 0x0000000715400000|  0%| F|  |TAMS 0x0000000715200000, 0x0000000715200000| Untracked 
|  90|0x0000000715400000, 0x0000000715400000, 0x0000000715600000|  0%| F|  |TAMS 0x0000000715400000, 0x0000000715400000| Untracked 
|  91|0x0000000715600000, 0x0000000715600000, 0x0000000715800000|  0%| F|  |TAMS 0x0000000715600000, 0x0000000715600000| Untracked 
|  92|0x0000000715800000, 0x0000000715800000, 0x0000000715a00000|  0%| F|  |TAMS 0x0000000715800000, 0x0000000715800000| Untracked 
|  93|0x0000000715a00000, 0x0000000715a00000, 0x0000000715c00000|  0%| F|  |TAMS 0x0000000715a00000, 0x0000000715a00000| Untracked 
|  94|0x0000000715c00000, 0x0000000715c00000, 0x0000000715e00000|  0%| F|  |TAMS 0x0000000715c00000, 0x0000000715c00000| Untracked 
|  95|0x0000000715e00000, 0x0000000715e00000, 0x0000000716000000|  0%| F|  |TAMS 0x0000000715e00000, 0x0000000715e00000| Untracked 
|  96|0x0000000716000000, 0x0000000716000000, 0x0000000716200000|  0%| F|  |TAMS 0x0000000716000000, 0x0000000716000000| Untracked 
|  97|0x0000000716200000, 0x0000000716200000, 0x0000000716400000|  0%| F|  |TAMS 0x0000000716200000, 0x0000000716200000| Untracked 
|  98|0x0000000716400000, 0x0000000716400000, 0x0000000716600000|  0%| F|  |TAMS 0x0000000716400000, 0x0000000716400000| Untracked 
|  99|0x0000000716600000, 0x0000000716600000, 0x0000000716800000|  0%| F|  |TAMS 0x0000000716600000, 0x0000000716600000| Untracked 
| 100|0x0000000716800000, 0x0000000716a00000, 0x0000000716a00000|100%| S|CS|TAMS 0x0000000716800000, 0x0000000716800000| Complete 
| 101|0x0000000716a00000, 0x0000000716c00000, 0x0000000716c00000|100%| S|CS|TAMS 0x0000000716a00000, 0x0000000716a00000| Complete 
| 102|0x0000000716c00000, 0x0000000716e00000, 0x0000000716e00000|100%| S|CS|TAMS 0x0000000716c00000, 0x0000000716c00000| Complete 
| 103|0x0000000716e00000, 0x0000000716e00000, 0x0000000717000000|  0%| F|  |TAMS 0x0000000716e00000, 0x0000000716e00000| Untracked 
| 104|0x0000000717000000, 0x0000000717000000, 0x0000000717200000|  0%| F|  |TAMS 0x0000000717000000, 0x0000000717000000| Untracked 
| 105|0x0000000717200000, 0x0000000717200000, 0x0000000717400000|  0%| F|  |TAMS 0x0000000717200000, 0x0000000717200000| Untracked 
| 106|0x0000000717400000, 0x0000000717400000, 0x0000000717600000|  0%| F|  |TAMS 0x0000000717400000, 0x0000000717400000| Untracked 
| 107|0x0000000717600000, 0x0000000717600000, 0x0000000717800000|  0%| F|  |TAMS 0x0000000717600000, 0x0000000717600000| Untracked 
| 108|0x0000000717800000, 0x0000000717800000, 0x0000000717a00000|  0%| F|  |TAMS 0x0000000717800000, 0x0000000717800000| Untracked 
| 109|0x0000000717a00000, 0x0000000717a00000, 0x0000000717c00000|  0%| F|  |TAMS 0x0000000717a00000, 0x0000000717a00000| Untracked 
| 110|0x0000000717c00000, 0x0000000717c00000, 0x0000000717e00000|  0%| F|  |TAMS 0x0000000717c00000, 0x0000000717c00000| Untracked 
| 111|0x0000000717e00000, 0x0000000717e00000, 0x0000000718000000|  0%| F|  |TAMS 0x0000000717e00000, 0x0000000717e00000| Untracked 
| 112|0x0000000718000000, 0x0000000718000000, 0x0000000718200000|  0%| F|  |TAMS 0x0000000718000000, 0x0000000718000000| Untracked 
| 113|0x0000000718200000, 0x0000000718200000, 0x0000000718400000|  0%| F|  |TAMS 0x0000000718200000, 0x0000000718200000| Untracked 
| 114|0x0000000718400000, 0x0000000718400000, 0x0000000718600000|  0%| F|  |TAMS 0x0000000718400000, 0x0000000718400000| Untracked 
| 115|0x0000000718600000, 0x0000000718600000, 0x0000000718800000|  0%| F|  |TAMS 0x0000000718600000, 0x0000000718600000| Untracked 
| 116|0x0000000718800000, 0x0000000718800000, 0x0000000718a00000|  0%| F|  |TAMS 0x0000000718800000, 0x0000000718800000| Untracked 
| 117|0x0000000718a00000, 0x0000000718a00000, 0x0000000718c00000|  0%| F|  |TAMS 0x0000000718a00000, 0x0000000718a00000| Untracked 
| 118|0x0000000718c00000, 0x0000000718c00000, 0x0000000718e00000|  0%| F|  |TAMS 0x0000000718c00000, 0x0000000718c00000| Untracked 
| 119|0x0000000718e00000, 0x0000000718e00000, 0x0000000719000000|  0%| F|  |TAMS 0x0000000718e00000, 0x0000000718e00000| Untracked 
| 120|0x0000000719000000, 0x000000071907e530, 0x0000000719200000| 24%| E|  |TAMS 0x0000000719000000, 0x0000000719000000| Complete 
| 121|0x0000000719200000, 0x0000000719400000, 0x0000000719400000|100%| E|CS|TAMS 0x0000000719200000, 0x0000000719200000| Complete 
| 122|0x0000000719400000, 0x0000000719600000, 0x0000000719600000|100%| E|CS|TAMS 0x0000000719400000, 0x0000000719400000| Complete 

Card table byte_map: [0x000002d5eeae0000,0x000002d5ef290000] _byte_map_base: 0x000002d5eb290000

Marking Bits (Prev, Next): (CMBitMap*) 0x000002d5d50f8610, (CMBitMap*) 0x000002d5d50f8650
 Prev Bits: [0x000002d5efa40000, 0x000002d5f37c0000)
 Next Bits: [0x000002d5f37c0000, 0x000002d5f7540000)

Polling page: 0x000002d5d5160000

Metaspace:

Usage:
  Non-class:     12.23 MB used.
      Class:      1.86 MB used.
       Both:     14.09 MB used.

Virtual space:
  Non-class space:       16.00 MB reserved,      12.38 MB ( 77%) committed,  2 nodes.
      Class space:        1.00 GB reserved,       2.00 MB ( <1%) committed,  1 nodes.
             Both:        1.02 GB reserved,      14.38 MB (  1%) committed. 

Chunk freelists:
   Non-Class:  3.14 MB
       Class:  2.02 MB
        Both:  5.16 MB

MaxMetaspaceSize: unlimited
CompressedClassSpaceSize: 1.00 GB
Initial GC threshold: 21.00 MB
Current GC threshold: 21.00 MB
CDS: on
MetaspaceReclaimPolicy: balanced
 - commit_granule_bytes: 65536.
 - commit_granule_words: 8192.
 - virtual_space_node_default_size: 1048576.
 - enlarge_chunks_in_place: 1.
 - new_chunks_are_fully_committed: 0.
 - uncommit_free_chunks: 1.
 - use_allocation_guard: 0.
 - handle_deallocations: 1.


Internal statistics:

num_allocs_failed_limit: 0.
num_arena_births: 220.
num_arena_deaths: 0.
num_vsnodes_births: 3.
num_vsnodes_deaths: 0.
num_space_committed: 230.
num_space_uncommitted: 0.
num_chunks_returned_to_freelist: 0.
num_chunks_taken_from_freelist: 676.
num_chunk_merges: 0.
num_chunk_splits: 450.
num_chunks_enlarged: 334.
num_purges: 0.
num_inconsistent_stats: 0.

CodeHeap 'non-profiled nmethods': size=119168Kb used=990Kb max_used=990Kb free=118177Kb
 bounds [0x000002d5e5ef0000, 0x000002d5e6160000, 0x000002d5ed350000]
CodeHeap 'profiled nmethods': size=119104Kb used=5023Kb max_used=5023Kb free=114081Kb
 bounds [0x000002d5de350000, 0x000002d5de840000, 0x000002d5e57a0000]
CodeHeap 'non-nmethods': size=7488Kb used=1415Kb max_used=3166Kb free=6072Kb
 bounds [0x000002d5e57a0000, 0x000002d5e5ac0000, 0x000002d5e5ef0000]
 total_blobs=3398 nmethods=2622 adapters=688
 compilation: enabled
              stopped_count=0, restarted_count=0
 full_count=0

Compilation events (20 events):
Event: 15.592 Thread 0x000002d5fbf91200 nmethod 2615 0x000002d5de835f90 code [0x000002d5de836120, 0x000002d5de836268]
Event: 15.624 Thread 0x000002d5fbf91200 2616       3       com.sun.glass.ui.Screen::portionIntersectsPlatformRect (99 bytes)
Event: 15.624 Thread 0x000002d5fbf91200 nmethod 2616 0x000002d5de836310 code [0x000002d5de8364e0, 0x000002d5de8369b8]
Event: 15.625 Thread 0x000002d5fbf91200 2617       3       java.util.ArrayList::indexOf (11 bytes)
Event: 15.625 Thread 0x000002d5fb01a380 2618       3       java.util.ArrayList::indexOfRange (71 bytes)
Event: 15.625 Thread 0x000002d5fbf91200 nmethod 2617 0x000002d5de836b90 code [0x000002d5de836d40, 0x000002d5de836e88]
Event: 15.626 Thread 0x000002d5fb01a380 nmethod 2618 0x000002d5de836f10 code [0x000002d5de8370e0, 0x000002d5de8375a8]
Event: 15.631 Thread 0x000002d5fb01a380 2619       3       java.util.ArrayList::contains (14 bytes)
Event: 15.631 Thread 0x000002d5fb01a380 nmethod 2619 0x000002d5de837790 code [0x000002d5de837940, 0x000002d5de837b48]
Event: 17.262 Thread 0x000002d5fb00def0 2620       4       javafx.scene.Node::intersects (47 bytes)
Event: 17.268 Thread 0x000002d5fb00def0 nmethod 2620 0x000002d5e5fe4590 code [0x000002d5e5fe4780, 0x000002d5e5fe4f10]
Event: 17.269 Thread 0x000002d5fb00def0 2621       4       com.sun.javafx.event.EventDispatchChainImpl::dispatchEvent (101 bytes)
Event: 17.270 Thread 0x000002d5fb00def0 nmethod 2621 0x000002d5e5fe5510 code [0x000002d5e5fe56a0, 0x000002d5e5fe5858]
Event: 17.285 Thread 0x000002d5fb00def0 2622       4       com.sun.javafx.scene.input.InputEventUtils::recomputeCoordinates (220 bytes)
Event: 17.293 Thread 0x000002d5fb00def0 nmethod 2622 0x000002d5e5fe5a10 code [0x000002d5e5fe5c40, 0x000002d5e5fe6570]
Event: 17.295 Thread 0x000002d5fb00def0 2623       4       javafx.scene.Scene$ClickCounter::moved (52 bytes)
Event: 17.296 Thread 0x000002d5fb00def0 nmethod 2623 0x000002d5e5fe7010 code [0x000002d5e5fe71e0, 0x000002d5e5fe7388]
Event: 22.696 Thread 0x000002d5fb00def0 2624       4       com.sun.javafx.event.BasicEventDispatcher::dispatchCapturingEvent (2 bytes)
Event: 22.696 Thread 0x000002d5fb00def0 nmethod 2624 0x000002d5e5fe7590 code [0x000002d5e5fe7700, 0x000002d5e5fe7778]
Event: 64.501 Thread 0x000002d5fb01a380 2625   !   3       java.util.concurrent.ConcurrentHashMap::replaceNode (437 bytes)

GC Heap History (4 events):
Event: 0.628 GC heap before
{Heap before GC invocations=0 (full 0):
 garbage-first heap   total 251904K, used 20480K [0x000000070a000000, 0x0000000800000000)
  region size 2048K, 11 young (22528K), 0 survivors (0K)
 Metaspace       used 4983K, committed 5120K, reserved 1056768K
  class space    used 581K, committed 640K, reserved 1048576K
}
Event: 0.631 GC heap after
{Heap after GC invocations=1 (full 0):
 garbage-first heap   total 251904K, used 3018K [0x000000070a000000, 0x0000000800000000)
  region size 2048K, 2 young (4096K), 2 survivors (4096K)
 Metaspace       used 4983K, committed 5120K, reserved 1056768K
  class space    used 581K, committed 640K, reserved 1048576K
}
Event: 6.893 GC heap before
{Heap before GC invocations=1 (full 0):
 garbage-first heap   total 251904K, used 39882K [0x000000070a000000, 0x0000000800000000)
  region size 2048K, 20 young (40960K), 2 survivors (4096K)
 Metaspace       used 14253K, committed 14464K, reserved 1064960K
  class space    used 1895K, committed 1984K, reserved 1048576K
}
Event: 6.903 GC heap after
{Heap after GC invocations=2 (full 0):
 garbage-first heap   total 251904K, used 9587K [0x000000070a000000, 0x0000000800000000)
  region size 2048K, 3 young (6144K), 3 survivors (6144K)
 Metaspace       used 14253K, committed 14464K, reserved 1064960K
  class space    used 1895K, committed 1984K, reserved 1048576K
}

Dll operation events (20 events):
Event: 0.341 Loaded shared library C:\Users\Lenovo\.openjfx\cache\17.0.1\api-ms-win-crt-filesystem-l1-1-0.dll
Event: 0.343 Loaded shared library C:\Users\Lenovo\.openjfx\cache\17.0.1\api-ms-win-crt-heap-l1-1-0.dll
Event: 0.346 Loaded shared library C:\Users\Lenovo\.openjfx\cache\17.0.1\api-ms-win-crt-locale-l1-1-0.dll
Event: 0.349 Loaded shared library C:\Users\Lenovo\.openjfx\cache\17.0.1\api-ms-win-crt-math-l1-1-0.dll
Event: 0.351 Loaded shared library C:\Users\Lenovo\.openjfx\cache\17.0.1\api-ms-win-crt-multibyte-l1-1-0.dll
Event: 0.355 Loaded shared library C:\Users\Lenovo\.openjfx\cache\17.0.1\api-ms-win-crt-private-l1-1-0.dll
Event: 0.357 Loaded shared library C:\Users\Lenovo\.openjfx\cache\17.0.1\api-ms-win-crt-process-l1-1-0.dll
Event: 0.360 Loaded shared library C:\Users\Lenovo\.openjfx\cache\17.0.1\api-ms-win-crt-runtime-l1-1-0.dll
Event: 0.364 Loaded shared library C:\Users\Lenovo\.openjfx\cache\17.0.1\api-ms-win-crt-stdio-l1-1-0.dll
Event: 0.368 Loaded shared library C:\Users\Lenovo\.openjfx\cache\17.0.1\api-ms-win-crt-string-l1-1-0.dll
Event: 0.371 Loaded shared library C:\Users\Lenovo\.openjfx\cache\17.0.1\api-ms-win-crt-time-l1-1-0.dll
Event: 0.375 Loaded shared library C:\Users\Lenovo\.openjfx\cache\17.0.1\api-ms-win-crt-utility-l1-1-0.dll
Event: 0.387 Loaded shared library C:\Users\Lenovo\.openjfx\cache\17.0.1\ucrtbase.dll
Event: 0.391 Loaded shared library C:\Users\Lenovo\.openjfx\cache\17.0.1\vcruntime140.dll
Event: 0.393 Loaded shared library C:\Users\Lenovo\.openjfx\cache\17.0.1\vcruntime140_1.dll
Event: 0.400 Loaded shared library C:\Users\Lenovo\.openjfx\cache\17.0.1\msvcp140.dll
Event: 0.433 Loaded shared library C:\Users\Lenovo\.openjfx\cache\17.0.1\prism_d3d.dll
Event: 0.511 Loaded shared library C:\Users\Lenovo\.openjfx\cache\17.0.1\glass.dll
Event: 0.635 Loaded shared library C:\Program Files\Eclipse Adoptium\jdk-17.0.6.10-hotspot\bin\jimage.dll
Event: 0.766 Loaded shared library C:\Users\Lenovo\.openjfx\cache\17.0.1\javafx_font.dll

Deoptimization events (20 events):
Event: 1.068 Thread 0x000002d5fb002950 Uncommon trap: trap_request=0xffffff45 fr.pc=0x000002d5e5f50cbc relative=0x0000000000000f9c
Event: 1.068 Thread 0x000002d5fb002950 Uncommon trap: reason=unstable_if action=reinterpret pc=0x000002d5e5f50cbc method=java.util.concurrent.ConcurrentHashMap.putVal(Ljava/lang/Object;Ljava/lang/Object;Z)Ljava/lang/Object; @ 148 c2
Event: 1.068 Thread 0x000002d5fb002950 DEOPT PACKING pc=0x000002d5e5f50cbc sp=0x000000d5ef6fe5d0
Event: 1.068 Thread 0x000002d5fb002950 DEOPT UNPACKING pc=0x000002d5e57f69a3 sp=0x000000d5ef6fe550 mode 2
Event: 3.596 Thread 0x000002d5fb0ed1a0 DEOPT PACKING pc=0x000002d5de6d6b84 sp=0x000000d5f0cfe0e0
Event: 3.596 Thread 0x000002d5fb0ed1a0 DEOPT UNPACKING pc=0x000002d5e57f7143 sp=0x000000d5f0cfd698 mode 0
Event: 3.822 Thread 0x000002d5fb0ec330 DEOPT PACKING pc=0x000002d5de6526a2 sp=0x000000d5f07fe330
Event: 3.822 Thread 0x000002d5fb0ec330 DEOPT UNPACKING pc=0x000002d5e57f7143 sp=0x000000d5f07fd788 mode 0
Event: 3.823 Thread 0x000002d5fb0ec330 DEOPT PACKING pc=0x000002d5de6526a2 sp=0x000000d5f07fe330
Event: 3.823 Thread 0x000002d5fb0ec330 DEOPT UNPACKING pc=0x000002d5e57f7143 sp=0x000000d5f07fd788 mode 0
Event: 3.824 Thread 0x000002d5fb0ec330 DEOPT PACKING pc=0x000002d5de6526a2 sp=0x000000d5f07fe330
Event: 3.824 Thread 0x000002d5fb0ec330 DEOPT UNPACKING pc=0x000002d5e57f7143 sp=0x000000d5f07fd788 mode 0
Event: 3.824 Thread 0x000002d5fb0ec330 DEOPT PACKING pc=0x000002d5de6526a2 sp=0x000000d5f07fe330
Event: 3.824 Thread 0x000002d5fb0ec330 DEOPT UNPACKING pc=0x000002d5e57f7143 sp=0x000000d5f07fd788 mode 0
Event: 3.985 Thread 0x000002d5fb0ec330 DEOPT PACKING pc=0x000002d5de6526a2 sp=0x000000d5f07fe330
Event: 3.986 Thread 0x000002d5fb0ec330 DEOPT UNPACKING pc=0x000002d5e57f7143 sp=0x000000d5f07fd788 mode 0
Event: 3.986 Thread 0x000002d5fb0ec330 DEOPT PACKING pc=0x000002d5de65275f sp=0x000000d5f07fe330
Event: 3.986 Thread 0x000002d5fb0ec330 DEOPT UNPACKING pc=0x000002d5e57f7143 sp=0x000000d5f07fd798 mode 0
Event: 3.989 Thread 0x000002d5fb0ec330 DEOPT PACKING pc=0x000002d5de65275f sp=0x000000d5f07fe330
Event: 3.989 Thread 0x000002d5fb0ec330 DEOPT UNPACKING pc=0x000002d5e57f7143 sp=0x000000d5f07fd798 mode 0

Classes unloaded (0 events):
No events

Classes redefined (0 events):
No events

Internal exceptions (20 events):
Event: 0.714 Thread 0x000002d5fb0ed1a0 Exception <a 'java/lang/ClassNotFoundException'{0x0000000718e0db78}: sun/util/logging/resources/spi/loggingProvider> (0x0000000718e0db78) 
thrown [s\src\hotspot\share\classfile\systemDictionary.cpp, line 256]
Event: 0.749 Thread 0x000002d5fb0ed1a0 Exception <a 'java/lang/ClassNotFoundException'{0x0000000718c544d8}: com/sun/glass/ui/win/themes> (0x0000000718c544d8) 
thrown [s\src\hotspot\share\prims\jni.cpp, line 535]
Event: 0.750 Thread 0x000002d5fb0ed1a0 Exception <a 'java/lang/ClassNotFoundException'{0x0000000718c5c770}: com/sun/glass/ui/win/themes_pl> (0x0000000718c5c770) 
thrown [s\src\hotspot\share\prims\jni.cpp, line 535]
Event: 0.750 Thread 0x000002d5fb0ed1a0 Exception <a 'java/lang/ClassNotFoundException'{0x0000000718c5d5b8}: com/sun/glass/ui/win/themes_pl_PL> (0x0000000718c5d5b8) 
thrown [s\src\hotspot\share\prims\jni.cpp, line 535]
Event: 0.809 Thread 0x000002d5fb0ed1a0 Exception <a 'java/lang/NoSuchMethodError'{0x0000000718962028}: 'void java.lang.invoke.DirectMethodHandle$Holder.invokeStaticInit(java.lang.Object, java.lang.Object)'> (0x0000000718962028) 
thrown [s\src\hotspot\share\interpreter\linkResolver.cpp, line 759]
Event: 0.878 Thread 0x000002d5fb0ed1a0 Implicit null exception at 0x000002d5e5f67b4f to 0x000002d5e5f6824c
Event: 0.946 Thread 0x000002d5fb0ed1a0 Implicit null exception at 0x000002d5e5f62fcf to 0x000002d5e5f6369c
Event: 0.972 Thread 0x000002d5fb0ed1a0 Implicit null exception at 0x000002d5e5f1380f to 0x000002d5e5f13889
Event: 0.987 Thread 0x000002d5fb0ed1a0 Exception <a 'java/lang/NoSuchMethodError'{0x0000000717ab1498}: 'void java.lang.invoke.DirectMethodHandle$Holder.invokeSpecial(java.lang.Object, java.lang.Object, java.lang.Object, java.lang.Object, java.lang.Object)'> (0x0000000717ab1498) 
thrown [s\src\hotspot\share\interpreter\linkResolver.cpp, line 759]
Event: 0.989 Thread 0x000002d5fb0ed1a0 Exception <a 'java/lang/NoSuchMethodError'{0x0000000717ac1a28}: 'java.lang.Object java.lang.invoke.DirectMethodHandle$Holder.invokeInterface(java.lang.Object, java.lang.Object, java.lang.Object)'> (0x0000000717ac1a28) 
thrown [s\src\hotspot\share\interpreter\linkResolver.cpp, line 759]
Event: 0.989 Thread 0x000002d5fb0ed1a0 Exception <a 'java/lang/IncompatibleClassChangeError'{0x0000000717ac53b0}: Found class java.lang.Object, but interface was expected> (0x0000000717ac53b0) 
thrown [s\src\hotspot\share\interpreter\linkResolver.cpp, line 826]
Event: 1.035 Thread 0x000002d5fb0ed1a0 Exception <a 'java/lang/NoSuchMethodError'{0x000000071781cbd8}: 'java.lang.Object java.lang.invoke.DirectMethodHandle$Holder.newInvokeSpecial(java.lang.Object, java.lang.Object, int)'> (0x000000071781cbd8) 
thrown [s\src\hotspot\share\interpreter\linkResolver.cpp, line 759]
Event: 1.060 Thread 0x000002d5fb0ec330 Exception <a 'java/lang/NoSuchMethodError'{0x00000007178e34d8}: 'int java.lang.invoke.DirectMethodHandle$Holder.invokeStaticInit(java.lang.Object, java.lang.Object)'> (0x00000007178e34d8) 
thrown [s\src\hotspot\share\interpreter\linkResolver.cpp, line 759]
Event: 3.818 Thread 0x000002d5fb0ed1a0 Exception <a 'java/lang/NoSuchMethodError'{0x0000000717304ac8}: 'long java.lang.invoke.DirectMethodHandle$Holder.invokeStatic(java.lang.Object, java.lang.Object, java.lang.Object)'> (0x0000000717304ac8) 
thrown [s\src\hotspot\share\interpreter\linkResolver.cpp, line 759]
Event: 3.818 Thread 0x000002d5fb0ed1a0 Exception <a 'java/lang/NoSuchMethodError'{0x0000000717308270}: 'long java.lang.invoke.DirectMethodHandle$Holder.invokeStaticInit(java.lang.Object, java.lang.Object, java.lang.Object)'> (0x0000000717308270) 
thrown [s\src\hotspot\share\interpreter\linkResolver.cpp, line 759]
Event: 3.820 Thread 0x000002d5fb0ed1a0 Exception <a 'java/lang/NoSuchMethodError'{0x000000071731fe78}: 'java.lang.Object java.lang.invoke.DirectMethodHandle$Holder.newInvokeSpecial(java.lang.Object, java.lang.Object, long)'> (0x000000071731fe78) 
thrown [s\src\hotspot\share\interpreter\linkResolver.cpp, line 759]
Event: 3.820 Thread 0x000002d5fb0ed1a0 Exception <a 'java/lang/NoSuchMethodError'{0x00000007173239e8}: 'java.lang.Object java.lang.invoke.Invokers$Holder.linkToTargetMethod(java.lang.Object, long, java.lang.Object)'> (0x00000007173239e8) 
thrown [s\src\hotspot\share\interpreter\linkResolver.cpp, line 759]
Event: 6.678 Thread 0x000002d5fb0ed1a0 Exception <a 'java/lang/NoSuchMethodError'{0x0000000717183fd0}: 'java.lang.Object java.lang.invoke.DirectMethodHandle$Holder.newInvokeSpecial(java.lang.Object, java.lang.Object, int, int, int, int, int, java.lang.Object)'> (0x0000000717183fd0) 
thrown [s\src\hotspot\share\interpreter\linkResolver.cpp, line 759]
Event: 6.680 Thread 0x000002d5fb0ed1a0 Exception <a 'java/lang/NoSuchMethodError'{0x0000000717197500}: 'java.lang.Object java.lang.invoke.DirectMethodHandle$Holder.newInvokeSpecial(java.lang.Object, java.lang.Object, java.lang.Object, int, int, int, int, int)'> (0x0000000717197500) 
thrown [s\src\hotspot\share\interpreter\linkResolver.cpp, line 759]
Event: 6.681 Thread 0x000002d5fb0ed1a0 Exception <a 'java/lang/NoSuchMethodError'{0x000000071719f2b0}: 'java.lang.Object java.lang.invoke.Invokers$Holder.linkToTargetMethod(java.lang.Object, java.lang.Object, int, int, int, int, int, java.lang.Object)'> (0x000000071719f2b0) 
thrown [s\src\hotspot\share\interpreter\linkResolver.cpp, line 759]

VM Operations (20 events):
Event: 6.595 Executing VM operation: Cleanup done
Event: 6.850 Executing VM operation: HandshakeAllThreads
Event: 6.850 Executing VM operation: HandshakeAllThreads done
Event: 6.853 Executing VM operation: HandshakeAllThreads
Event: 6.853 Executing VM operation: HandshakeAllThreads done
Event: 6.858 Executing VM operation: HandshakeAllThreads
Event: 6.858 Executing VM operation: HandshakeAllThreads done
Event: 6.893 Executing VM operation: G1CollectForAllocation
Event: 6.903 Executing VM operation: G1CollectForAllocation done
Event: 8.903 Executing VM operation: Cleanup
Event: 8.903 Executing VM operation: Cleanup done
Event: 14.906 Executing VM operation: Cleanup
Event: 14.906 Executing VM operation: Cleanup done
Event: 17.907 Executing VM operation: Cleanup
Event: 17.907 Executing VM operation: Cleanup done
Event: 22.907 Executing VM operation: Cleanup
Event: 22.907 Executing VM operation: Cleanup done
Event: 29.911 Executing VM operation: Cleanup
Event: 29.911 Executing VM operation: Cleanup done
Event: 64.502 Executing VM operation: Exit

Events (20 events):
Event: 5.553 Thread 0x000002d5fb179510 Thread exited: 0x000002d5fb179510
Event: 5.553 Thread 0x000002d5fbf93060 Thread exited: 0x000002d5fbf93060
Event: 5.661 Thread 0x000002d5fb11e7f0 Thread exited: 0x000002d5fb11e7f0
Event: 6.869 Thread 0x000002d5fbf91200 Thread added: 0x000002d5fbf91200
Event: 6.880 Thread 0x000002d5fbf92640 Thread added: 0x000002d5fbf92640
Event: 6.924 Thread 0x000002d5fbf92b50 Thread added: 0x000002d5fbf92b50
Event: 7.384 Thread 0x000002d5fbf91200 Thread exited: 0x000002d5fbf91200
Event: 7.446 Thread 0x000002d5fbf92b50 Thread exited: 0x000002d5fbf92b50
Event: 7.446 Thread 0x000002d5fbf92640 Thread exited: 0x000002d5fbf92640
Event: 7.908 Thread 0x000002d5fbf91200 Thread added: 0x000002d5fbf91200
Event: 7.908 Thread 0x000002d5fbf93a80 Thread added: 0x000002d5fbf93a80
Event: 14.225 Thread 0x000002d5fbf93a80 Thread exited: 0x000002d5fbf93a80
Event: 17.262 Thread 0x000002d5fbf91200 Thread exited: 0x000002d5fbf91200
Event: 64.499 loading class jdk/internal/misc/Signal$1
Event: 64.500 loading class jdk/internal/misc/Signal$1 done
Event: 64.500 Thread 0x000002d5fb0ee010 Thread added: 0x000002d5fb0ee010
Event: 64.500 Thread 0x000002d5fb0ee9b0 Thread added: 0x000002d5fb0ee9b0
Event: 64.500 Thread 0x000002d5fb0ee4e0 Thread added: 0x000002d5fb0ee4e0
Event: 64.501 Thread 0x000002d5fb0ee9b0 Thread exited: 0x000002d5fb0ee9b0
Event: 64.502 Thread 0x000002d5fb0ee4e0 Thread exited: 0x000002d5fb0ee4e0


Dynamic libraries:
0x00007ff7d01d0000 - 0x00007ff7d01de000 	C:\Program Files\Eclipse Adoptium\jdk-17.0.6.10-hotspot\bin\java.exe
0x00007ffcbba10000 - 0x00007ffcbbc08000 	C:\Windows\SYSTEM32\ntdll.dll
0x00007ffcbb4c0000 - 0x00007ffcbb57f000 	C:\Windows\System32\KERNEL32.DLL
0x00007ffcb9680000 - 0x00007ffcb9952000 	C:\Windows\System32\KERNELBASE.dll
0x00007ffcb9390000 - 0x00007ffcb9490000 	C:\Windows\System32\ucrtbase.dll
0x00007ffcad0b0000 - 0x00007ffcad0c7000 	C:\Program Files\Eclipse Adoptium\jdk-17.0.6.10-hotspot\bin\jli.dll
0x00007ffcadad0000 - 0x00007ffcadae9000 	C:\Program Files\Eclipse Adoptium\jdk-17.0.6.10-hotspot\bin\VCRUNTIME140.dll
0x00007ffcba2d0000 - 0x00007ffcba471000 	C:\Windows\System32\USER32.dll
0x00007ffcb9100000 - 0x00007ffcb9122000 	C:\Windows\System32\win32u.dll
0x00007ffca7ad0000 - 0x00007ffca7d6a000 	C:\Windows\WinSxS\amd64_microsoft.windows.common-controls_6595b64144ccf1df_6.0.19041.1110_none_60b5254171f9507e\COMCTL32.dll
0x00007ffcbb490000 - 0x00007ffcbb4bb000 	C:\Windows\System32\GDI32.dll
0x00007ffcb9a50000 - 0x00007ffcb9aee000 	C:\Windows\System32\msvcrt.dll
0x00007ffcb91e0000 - 0x00007ffcb92ef000 	C:\Windows\System32\gdi32full.dll
0x00007ffcb99b0000 - 0x00007ffcb9a4d000 	C:\Windows\System32\msvcp_win.dll
0x00007ffcb9f20000 - 0x00007ffcb9f52000 	C:\Windows\System32\IMM32.DLL
0x00007ffcaf410000 - 0x00007ffcaf41c000 	C:\Program Files\Eclipse Adoptium\jdk-17.0.6.10-hotspot\bin\vcruntime140_1.dll
0x00007ffc98240000 - 0x00007ffc982d1000 	C:\Program Files\Eclipse Adoptium\jdk-17.0.6.10-hotspot\bin\msvcp140.dll
0x00007ffc83070000 - 0x00007ffc83cb7000 	C:\Program Files\Eclipse Adoptium\jdk-17.0.6.10-hotspot\bin\server\jvm.dll
0x00007ffcbb5e0000 - 0x00007ffcbb68e000 	C:\Windows\System32\ADVAPI32.dll
0x00007ffcbb3f0000 - 0x00007ffcbb48c000 	C:\Windows\System32\sechost.dll
0x00007ffcba5b0000 - 0x00007ffcba6d5000 	C:\Windows\System32\RPCRT4.dll
0x00007ffcaf7f0000 - 0x00007ffcaf817000 	C:\Windows\SYSTEM32\WINMM.dll
0x00007ffcb4430000 - 0x00007ffcb4439000 	C:\Windows\SYSTEM32\WSOCK32.dll
0x00007ffcb3000000 - 0x00007ffcb300a000 	C:\Windows\SYSTEM32\VERSION.dll
0x00007ffcba140000 - 0x00007ffcba1ab000 	C:\Windows\System32\WS2_32.dll
0x00007ffcb6fc0000 - 0x00007ffcb6fd2000 	C:\Windows\SYSTEM32\kernel.appcore.dll
0x00007ffcadac0000 - 0x00007ffcadaca000 	C:\Program Files\Eclipse Adoptium\jdk-17.0.6.10-hotspot\bin\jimage.dll
0x00007ffca2c20000 - 0x00007ffca2e04000 	C:\Windows\SYSTEM32\DBGHELP.DLL
0x00007ffca26b0000 - 0x00007ffca26e5000 	C:\Windows\SYSTEM32\dbgcore.DLL
0x00007ffcb9490000 - 0x00007ffcb9512000 	C:\Windows\System32\bcryptPrimitives.dll
0x00007ffcb68c0000 - 0x00007ffcb68ce000 	C:\Program Files\Eclipse Adoptium\jdk-17.0.6.10-hotspot\bin\instrument.dll
0x00007ffcacf70000 - 0x00007ffcacf95000 	C:\Program Files\Eclipse Adoptium\jdk-17.0.6.10-hotspot\bin\java.dll
0x00007ffc97ab0000 - 0x00007ffc97b86000 	C:\Program Files\Eclipse Adoptium\jdk-17.0.6.10-hotspot\bin\jsvml.dll
0x00007ffcbaca0000 - 0x00007ffcbb3e4000 	C:\Windows\System32\SHELL32.dll
0x00007ffcb71c0000 - 0x00007ffcb7952000 	C:\Windows\SYSTEM32\windows.storage.dll
0x00007ffcb9af0000 - 0x00007ffcb9e45000 	C:\Windows\System32\combase.dll
0x00007ffcb8af0000 - 0x00007ffcb8b20000 	C:\Windows\SYSTEM32\Wldp.dll
0x00007ffcba010000 - 0x00007ffcba0bd000 	C:\Windows\System32\SHCORE.dll
0x00007ffcbabc0000 - 0x00007ffcbac15000 	C:\Windows\System32\shlwapi.dll
0x00007ffcb9040000 - 0x00007ffcb905f000 	C:\Windows\SYSTEM32\profapi.dll
0x00007ffcac7d0000 - 0x00007ffcac7e9000 	C:\Program Files\Eclipse Adoptium\jdk-17.0.6.10-hotspot\bin\net.dll
0x00007ffcb1c20000 - 0x00007ffcb1d2c000 	C:\Windows\SYSTEM32\WINHTTP.dll
0x00007ffcb87e0000 - 0x00007ffcb884a000 	C:\Windows\system32\mswsock.dll
0x00007ffcac7b0000 - 0x00007ffcac7c5000 	C:\Program Files\Eclipse Adoptium\jdk-17.0.6.10-hotspot\bin\nio.dll
0x00007ffcac510000 - 0x00007ffcac528000 	C:\Program Files\Eclipse Adoptium\jdk-17.0.6.10-hotspot\bin\zip.dll
0x00007ffcb4ae0000 - 0x00007ffcb4afa000 	D:\IntellijIDEA\IntelliJ IDEA 2023.1\bin\breakgen64.dll
0x000002d5fa730000 - 0x000002d5fa733000 	C:\Users\Lenovo\.openjfx\cache\17.0.1\api-ms-win-core-console-l1-1-0.dll
0x000002d5fa740000 - 0x000002d5fa743000 	C:\Users\Lenovo\.openjfx\cache\17.0.1\api-ms-win-core-console-l1-2-0.dll
0x000002d5fa750000 - 0x000002d5fa753000 	C:\Users\Lenovo\.openjfx\cache\17.0.1\api-ms-win-core-datetime-l1-1-0.dll
0x000002d5fa760000 - 0x000002d5fa763000 	C:\Users\Lenovo\.openjfx\cache\17.0.1\api-ms-win-core-debug-l1-1-0.dll
0x000002d5fa770000 - 0x000002d5fa773000 	C:\Users\Lenovo\.openjfx\cache\17.0.1\api-ms-win-core-errorhandling-l1-1-0.dll
0x000002d5fa780000 - 0x000002d5fa784000 	C:\Users\Lenovo\.openjfx\cache\17.0.1\api-ms-win-core-file-l1-1-0.dll
0x000002d5fa790000 - 0x000002d5fa793000 	C:\Users\Lenovo\.openjfx\cache\17.0.1\api-ms-win-core-file-l1-2-0.dll
0x000002d5fa7a0000 - 0x000002d5fa7a3000 	C:\Users\Lenovo\.openjfx\cache\17.0.1\api-ms-win-core-file-l2-1-0.dll
0x000002d5fa7b0000 - 0x000002d5fa7b3000 	C:\Users\Lenovo\.openjfx\cache\17.0.1\api-ms-win-core-handle-l1-1-0.dll
0x000002d5fa7c0000 - 0x000002d5fa7c3000 	C:\Users\Lenovo\.openjfx\cache\17.0.1\api-ms-win-core-heap-l1-1-0.dll
0x000002d5fa7d0000 - 0x000002d5fa7d3000 	C:\Users\Lenovo\.openjfx\cache\17.0.1\api-ms-win-core-interlocked-l1-1-0.dll
0x000002d5fa7e0000 - 0x000002d5fa7e3000 	C:\Users\Lenovo\.openjfx\cache\17.0.1\api-ms-win-core-libraryloader-l1-1-0.dll
0x000002d5fa7f0000 - 0x000002d5fa7f3000 	C:\Users\Lenovo\.openjfx\cache\17.0.1\api-ms-win-core-localization-l1-2-0.dll
0x000002d5fcbd0000 - 0x000002d5fcbd3000 	C:\Users\Lenovo\.openjfx\cache\17.0.1\api-ms-win-core-memory-l1-1-0.dll
0x000002d5fcbe0000 - 0x000002d5fcbe3000 	C:\Users\Lenovo\.openjfx\cache\17.0.1\api-ms-win-core-namedpipe-l1-1-0.dll
0x000002d5fcf30000 - 0x000002d5fcf33000 	C:\Users\Lenovo\.openjfx\cache\17.0.1\api-ms-win-core-processenvironment-l1-1-0.dll
0x000002d5fcf40000 - 0x000002d5fcf43000 	C:\Users\Lenovo\.openjfx\cache\17.0.1\api-ms-win-core-processthreads-l1-1-0.dll
0x000002d5fcf50000 - 0x000002d5fcf53000 	C:\Users\Lenovo\.openjfx\cache\17.0.1\api-ms-win-core-processthreads-l1-1-1.dll
0x000002d5fcbf0000 - 0x000002d5fcbf3000 	C:\Users\Lenovo\.openjfx\cache\17.0.1\api-ms-win-core-profile-l1-1-0.dll
0x000002d5fcc00000 - 0x000002d5fcc03000 	C:\Users\Lenovo\.openjfx\cache\17.0.1\api-ms-win-core-rtlsupport-l1-1-0.dll
0x000002d5fcc10000 - 0x000002d5fcc13000 	C:\Users\Lenovo\.openjfx\cache\17.0.1\api-ms-win-core-string-l1-1-0.dll
0x000002d5fcc20000 - 0x000002d5fcc23000 	C:\Users\Lenovo\.openjfx\cache\17.0.1\api-ms-win-core-synch-l1-1-0.dll
0x000002d5fcc30000 - 0x000002d5fcc33000 	C:\Users\Lenovo\.openjfx\cache\17.0.1\api-ms-win-core-synch-l1-2-0.dll
0x000002d5fcc40000 - 0x000002d5fcc43000 	C:\Users\Lenovo\.openjfx\cache\17.0.1\api-ms-win-core-sysinfo-l1-1-0.dll
0x000002d5fcc50000 - 0x000002d5fcc53000 	C:\Users\Lenovo\.openjfx\cache\17.0.1\api-ms-win-core-timezone-l1-1-0.dll
0x000002d5fcc60000 - 0x000002d5fcc63000 	C:\Users\Lenovo\.openjfx\cache\17.0.1\api-ms-win-core-util-l1-1-0.dll
0x000002d5fcc70000 - 0x000002d5fcc73000 	C:\Users\Lenovo\.openjfx\cache\17.0.1\api-ms-win-crt-conio-l1-1-0.dll
0x000002d5fcc80000 - 0x000002d5fcc84000 	C:\Users\Lenovo\.openjfx\cache\17.0.1\api-ms-win-crt-convert-l1-1-0.dll
0x000002d5fcc90000 - 0x000002d5fcc93000 	C:\Users\Lenovo\.openjfx\cache\17.0.1\api-ms-win-crt-environment-l1-1-0.dll
0x000002d5fcca0000 - 0x000002d5fcca3000 	C:\Users\Lenovo\.openjfx\cache\17.0.1\api-ms-win-crt-filesystem-l1-1-0.dll
0x000002d5fcde0000 - 0x000002d5fcde3000 	C:\Users\Lenovo\.openjfx\cache\17.0.1\api-ms-win-crt-heap-l1-1-0.dll
0x000002d5fcdf0000 - 0x000002d5fcdf3000 	C:\Users\Lenovo\.openjfx\cache\17.0.1\api-ms-win-crt-locale-l1-1-0.dll
0x000002d5fce00000 - 0x000002d5fce05000 	C:\Users\Lenovo\.openjfx\cache\17.0.1\api-ms-win-crt-math-l1-1-0.dll
0x000002d5fce10000 - 0x000002d5fce15000 	C:\Users\Lenovo\.openjfx\cache\17.0.1\api-ms-win-crt-multibyte-l1-1-0.dll
0x000002d5fce20000 - 0x000002d5fce30000 	C:\Users\Lenovo\.openjfx\cache\17.0.1\api-ms-win-crt-private-l1-1-0.dll
0x000002d5fce30000 - 0x000002d5fce33000 	C:\Users\Lenovo\.openjfx\cache\17.0.1\api-ms-win-crt-process-l1-1-0.dll
0x000002d5fcdd0000 - 0x000002d5fcdd4000 	C:\Users\Lenovo\.openjfx\cache\17.0.1\api-ms-win-crt-runtime-l1-1-0.dll
0x000002d5fce40000 - 0x000002d5fce44000 	C:\Users\Lenovo\.openjfx\cache\17.0.1\api-ms-win-crt-stdio-l1-1-0.dll
0x000002d5fce50000 - 0x000002d5fce54000 	C:\Users\Lenovo\.openjfx\cache\17.0.1\api-ms-win-crt-string-l1-1-0.dll
0x000002d5fce60000 - 0x000002d5fce63000 	C:\Users\Lenovo\.openjfx\cache\17.0.1\api-ms-win-crt-time-l1-1-0.dll
0x000002d5fce70000 - 0x000002d5fce73000 	C:\Users\Lenovo\.openjfx\cache\17.0.1\api-ms-win-crt-utility-l1-1-0.dll
0x00007ffc940c0000 - 0x00007ffc941bc000 	C:\Users\Lenovo\.openjfx\cache\17.0.1\ucrtbase.dll
0x00007ffcb42f0000 - 0x00007ffcb430a000 	C:\Users\Lenovo\.openjfx\cache\17.0.1\vcruntime140.dll
0x00007ffcb42e0000 - 0x00007ffcb42ec000 	C:\Users\Lenovo\.openjfx\cache\17.0.1\vcruntime140_1.dll
0x00007ffcac0e0000 - 0x00007ffcac16d000 	C:\Users\Lenovo\.openjfx\cache\17.0.1\msvcp140.dll
0x00007ffcac0b0000 - 0x00007ffcac0da000 	C:\Users\Lenovo\.openjfx\cache\17.0.1\prism_d3d.dll
0x00007ffcaec70000 - 0x00007ffcaee3e000 	C:\Windows\system32\d3d9.dll
0x00007ffcb6cd0000 - 0x00007ffcb6cff000 	C:\Windows\SYSTEM32\dwmapi.dll
0x00007ffcb6af0000 - 0x00007ffcb6b8e000 	C:\Windows\system32\uxtheme.dll
0x00007ffc75010000 - 0x00007ffc751eb000 	C:\Windows\System32\DriverStore\FileRepository\u0361612.inf_amd64_b679e02f70413f9f\B361368\aticfx64.dll
0x00007ffca35e0000 - 0x00007ffca3613000 	C:\Windows\System32\DriverStore\FileRepository\u0361612.inf_amd64_b679e02f70413f9f\B361368\atiu9p64.dll
0x00007ffc7f840000 - 0x00007ffc804d6000 	C:\Windows\System32\DriverStore\FileRepository\u0361612.inf_amd64_b679e02f70413f9f\B361368\atiumd64.dll
0x00007ffcba480000 - 0x00007ffcba5aa000 	C:\Windows\System32\ole32.dll
0x0000000068040000 - 0x0000000068ebe000 	C:\Windows\System32\DriverStore\FileRepository\u0361612.inf_amd64_b679e02f70413f9f\B361368\atiumd6a.dll
0x00007ffcb9360000 - 0x00007ffcb9387000 	C:\Windows\System32\bcrypt.dll
0x00007ffcb8ca0000 - 0x00007ffcb8ceb000 	C:\Windows\SYSTEM32\POWRPROF.dll
0x00007ffcb8c80000 - 0x00007ffcb8c92000 	C:\Windows\SYSTEM32\UMPDC.dll
0x00007ffc99740000 - 0x00007ffc9976f000 	C:\Windows\SYSTEM32\amdihk64.dll
0x00007ffcb3880000 - 0x00007ffcb3982000 	C:\Windows\System32\DriverStore\FileRepository\nvlt.inf_amd64_01ef36ba3f9e7237\nvldumdx.dll
0x00007ffcb8cf0000 - 0x00007ffcb8d02000 	C:\Windows\SYSTEM32\msasn1.dll
0x00007ffcb1310000 - 0x00007ffcb1341000 	C:\Windows\SYSTEM32\cryptnet.dll
0x00007ffcb9520000 - 0x00007ffcb9676000 	C:\Windows\System32\CRYPT32.dll
0x00007ffcb8a60000 - 0x00007ffcb8a6c000 	C:\Windows\SYSTEM32\cryptbase.dll
0x00007ffcb92f0000 - 0x00007ffcb9359000 	C:\Windows\System32\WINTRUST.DLL
0x00007ffcbb9b0000 - 0x00007ffcbb9cd000 	C:\Windows\System32\imagehlp.dll
0x00007ffcb8a40000 - 0x00007ffcb8a58000 	C:\Windows\SYSTEM32\CRYPTSP.dll
0x00007ffcb8100000 - 0x00007ffcb8134000 	C:\Windows\system32\rsaenh.dll
0x00007ffc443c0000 - 0x00007ffc45ddc000 	C:\Windows\System32\DriverStore\FileRepository\nvlt.inf_amd64_01ef36ba3f9e7237\nvd3dumx.dll
0x00007ffca99b0000 - 0x00007ffca99f2000 	C:\Users\Lenovo\.openjfx\cache\17.0.1\glass.dll
0x00007ffcbb690000 - 0x00007ffcbb76a000 	C:\Windows\System32\COMDLG32.dll
0x00007ffcb9e50000 - 0x00007ffcb9f1d000 	C:\Windows\System32\OLEAUT32.dll
0x00007ffcba1b0000 - 0x00007ffcba2c5000 	C:\Windows\System32\MSCTF.dll
0x00007ffcb3e60000 - 0x00007ffcb3e9b000 	C:\Windows\SYSTEM32\dxcore.dll
0x00007ffcb9960000 - 0x00007ffcb99ae000 	C:\Windows\System32\cfgmgr32.dll
0x00007ffcac3b0000 - 0x00007ffcac3c4000 	C:\Users\Lenovo\.openjfx\cache\17.0.1\javafx_font.dll
0x00007ffcaa570000 - 0x00007ffcaa7ef000 	C:\Windows\SYSTEM32\dwrite.dll
0x00007ffcb9f60000 - 0x00007ffcba00f000 	C:\Windows\System32\clbcatq.dll
0x00007ffcb2b20000 - 0x00007ffcb2cd4000 	C:\Windows\SYSTEM32\WindowsCodecs.dll
0x00007ffcaf5a0000 - 0x00007ffcaf5de000 	C:\Windows\system32\dataexchange.dll
0x00007ffcb5440000 - 0x00007ffcb56a3000 	C:\Windows\system32\d3d11.dll
0x00007ffcb5e30000 - 0x00007ffcb6013000 	C:\Windows\system32\dcomp.dll
0x00007ffcb79c0000 - 0x00007ffcb7ab3000 	C:\Windows\system32\dxgi.dll

dbghelp: loaded successfully - version: 4.0.5 - missing functions: none
symbol engine: initialized successfully - sym options: 0x614 - pdb path: .;C:\Program Files\Eclipse Adoptium\jdk-17.0.6.10-hotspot\bin;C:\Windows\SYSTEM32;C:\Windows\WinSxS\amd64_microsoft.windows.common-controls_6595b64144ccf1df_6.0.19041.1110_none_60b5254171f9507e;C:\Program Files\Eclipse Adoptium\jdk-17.0.6.10-hotspot\bin\server;D:\IntellijIDEA\IntelliJ IDEA 2023.1\bin;C:\Users\Lenovo\.openjfx\cache\17.0.1;C:\Windows\System32\DriverStore\FileRepository\u0361612.inf_amd64_b679e02f70413f9f\B361368;C:\Windows\System32\DriverStore\FileRepository\nvlt.inf_amd64_01ef36ba3f9e7237;C:\Program Files\Common Files\Microsoft Shared\Ink

VM Arguments:
jvm_args: -javaagent:D:\IntellijIDEA\IntelliJ IDEA 2023.1\lib\idea_rt.jar=58697:D:\IntellijIDEA\IntelliJ IDEA 2023.1\bin -Dfile.encoding=UTF-8 --module-path=C:\Users\Lenovo\.m2\repository\org\openjfx\javafx-graphics\17.0.1\javafx-graphics-17.0.1-win.jar;C:\Users\Lenovo\.m2\repository\org\openjfx\javafx-controls\17.0.1\javafx-controls-17.0.1-win.jar;C:\Users\Lenovo\.m2\repository\org\openjfx\javafx-base\17.0.1\javafx-base-17.0.1-win.jar;D:\IntellijIDEA\JP_Java\Lab4\target\classes;C:\Users\Lenovo\.m2\repository\org\openjfx\javafx-fxml\17.0.1\javafx-fxml-17.0.1-win.jar -Djdk.module.main=Lab4 
java_command: Lab4/com.pwr.Main
java_class_path (initial): C:\Users\Lenovo\.m2\repository\com\mysql\mysql-connector-j\8.0.33\mysql-connector-j-8.0.33.jar;C:\Users\Lenovo\.m2\repository\com\google\protobuf\protobuf-java\3.21.9\protobuf-java-3.21.9.jar;C:\Users\Lenovo\.m2\repository\org\openjfx\javafx-controls\17.0.1\javafx-controls-17.0.1.jar;C:\Users\Lenovo\.m2\repository\org\openjfx\javafx-graphics\17.0.1\javafx-graphics-17.0.1.jar;C:\Users\Lenovo\.m2\repository\org\openjfx\javafx-base\17.0.1\javafx-base-17.0.1.jar;C:\Users\Lenovo\.m2\repository\org\openjfx\javafx-fxml\17.0.1\javafx-fxml-17.0.1.jar
Launcher Type: SUN_STANDARD

[Global flags]
     intx CICompilerCount                          = 12                                        {product} {ergonomic}
     uint ConcGCThreads                            = 3                                         {product} {ergonomic}
     uint G1ConcRefinementThreads                  = 13                                        {product} {ergonomic}
   size_t G1HeapRegionSize                         = 2097152                                   {product} {ergonomic}
    uintx GCDrainStackTargetSize                   = 64                                        {product} {ergonomic}
   size_t InitialHeapSize                          = 257949696                                 {product} {ergonomic}
   size_t MarkStackSize                            = 4194304                                   {product} {ergonomic}
   size_t MaxHeapSize                              = 4127195136                                {product} {ergonomic}
   size_t MaxNewSize                               = 2474639360                                {product} {ergonomic}
   size_t MinHeapDeltaBytes                        = 2097152                                   {product} {ergonomic}
   size_t MinHeapSize                              = 8388608                                   {product} {ergonomic}
    uintx NonNMethodCodeHeapSize                   = 7602480                                {pd product} {ergonomic}
    uintx NonProfiledCodeHeapSize                  = 122027880                              {pd product} {ergonomic}
    uintx ProfiledCodeHeapSize                     = 122027880                              {pd product} {ergonomic}
    uintx ReservedCodeCacheSize                    = 251658240                              {pd product} {ergonomic}
     bool SegmentedCodeCache                       = true                                      {product} {ergonomic}
   size_t SoftMaxHeapSize                          = 4127195136                             {manageable} {ergonomic}
     bool UseCompressedClassPointers               = true                           {product lp64_product} {ergonomic}
     bool UseCompressedOops                        = true                           {product lp64_product} {ergonomic}
     bool UseG1GC                                  = true                                      {product} {ergonomic}
     bool UseLargePagesIndividualAllocation        = false                                  {pd product} {ergonomic}

Logging:
Log output configuration:
 #0: stdout all=off uptime,level,tags
 #1: stderr all=off uptime,level,tags

Environment Variables:
PATH=C:\Program Files\Eclipse Adoptium\jdk-17.0.6.10-hotspot\bin;D:\Falcon\MinGW\bin;C:\ProgramData\Oracle\Java\javapath;C:\Windows\system32;C:\Windows;C:\Windows\System32\Wbem;C:\Windows\System32\WindowsPowerShell\v1.0\;C:\Windows\System32\OpenSSH\;C:\Program Files\7-Zip;D:\Git\cmd;C:\Program Files\apache-maven-3.9.2\bin;C:\Program Files\MySQL\MySQL Shell 8.0\bin\;C:\Users\Lenovo\AppData\Local\Microsoft\WindowsApps;D:\VScode\Microsoft VS Code\bin;C:\Users\Lenovo\AppData\Local\JetBrains\Toolbox\scripts;;D:\PyCharm\PyCharm 2023.2.3\bin;
USERNAME=Lenovo
OS=Windows_NT
PROCESSOR_IDENTIFIER=AMD64 Family 23 Model 96 Stepping 1, AuthenticAMD
TMP=C:\Users\Lenovo\AppData\Local\Temp
TEMP=C:\Users\Lenovo\AppData\Local\Temp



---------------  S Y S T E M  ---------------

OS:
 Windows 10 , 64 bit Build 19041 (10.0.19041.2364)
OS uptime: 52 days 12:58 hours

CPU: total 16 (initial active 16) (16 cores per cpu, 2 threads per core) family 23 model 96 stepping 1 microcode 0x0, cx8, cmov, fxsr, ht, mmx, 3dnowpref, sse, sse2, sse3, ssse3, sse4a, sse4.1, sse4.2, popcnt, lzcnt, tsc, tscinvbit, avx, avx2, aes, clmul, bmi1, bmi2, adx, sha, fma, vzeroupper, clflush, clflushopt

Memory: 4k page, system-wide physical 15741M (3787M free)
TotalPageFile size 22514M (AvailPageFile size 3399M)
current process WorkingSet (physical memory assigned to process): 139M, peak: 147M
current process commit charge ("private bytes"): 421M, peak: 444M

vm_info: OpenJDK 64-Bit Server VM (17.0.6+10) for windows-amd64 JRE (17.0.6+10), built on Jan 18 2023 10:08:59 by "temurin" with MS VC++ 16.7 (VS2019)

END.
